<?xml version="1.0" encoding="UTF-8"?>
<!-- Generated by org.testng.reporters.JUnitReportReporter -->
<testsuite hostname="DESKTOP-4F0AOFN" failures="0" tests="2" name="seleniumframework.Tests.Errorlogin" time="16.626" errors="0" timestamp="5 Feb 2025 12:05:03 GMT">
  <testcase classname="seleniumframework.Tests.Errorlogin" name="errorLogin2" time="6.773"/>
  <testcase classname="seleniumframework.Tests.Errorlogin" name="errorLogin2" time="9.853"/>
</testsuite> <!-- seleniumframework.Tests.Errorlogin -->
