<?xml version="1.0" encoding="UTF-8"?>
<!-- Generated by org.testng.reporters.JUnitReportReporter -->
<testsuite hostname="DESKTOP-4F0AOFN" failures="0" tests="3" name="CucumberFeature.TestNGTestRunner2" time="30.293" errors="0" timestamp="8 Feb 2025 12:26:35 GMT">
  <testcase classname="CucumberFeature.TestNGTestRunner2" name="runScenario" time="8.929"/>
  <testcase classname="CucumberFeature.TestNGTestRunner2" name="runScenario" time="12.261"/>
  <testcase classname="CucumberFeature.TestNGTestRunner2" name="runScenario" time="9.103"/>
</testsuite> <!-- CucumberFeature.TestNGTestRunner2 -->
