<?xml version="1.0" encoding="UTF-8"?>
<!-- Generated by org.testng.reporters.JUnitReportReporter -->
<testsuite hostname="DESKTOP-4F0AOFN" failures="0" tests="1" name="CucumberFeature.TestNGTestRunner" time="26.402" errors="0" timestamp="8 Feb 2025 12:22:59 GMT">
  <testcase classname="CucumberFeature.TestNGTestRunner" name="runScenario" time="26.402"/>
</testsuite> <!-- CucumberFeature.TestNGTestRunner -->
