<?xml version="1.0" encoding="UTF-8"?>
<!-- Generated by org.testng.reporters.JUnitReportReporter -->
<testsuite hostname="DESKTOP-4F0AOFN" failures="0" tests="1" name="seleniumframework.PurchaseOrder" time="21.287" errors="0" timestamp="3 Feb 2025 12:18:37 GMT">
  <testcase classname="seleniumframework.PurchaseOrder" name="Ordersubmit" time="21.287"/>
</testsuite> <!-- seleniumframework.PurchaseOrder -->
