<?xml version="1.0" encoding="UTF-8"?>
<!-- Generated by org.testng.reporters.JUnitReportReporter -->
<testsuite hostname="DESKTOP-4F0AOFN" failures="0" tests="1" name="seleniumframework.PurchaseOrder" time="9.761" errors="0" timestamp="2024-09-18T18:10:19 IST" skipped="0">
  <testcase classname="seleniumframework.PurchaseOrder" name="Ordersubmit" time="9.761"/>
</testsuite> <!-- seleniumframework.PurchaseOrder -->
