<?xml version="1.0" encoding="UTF-8"?>
<!-- Generated by org.testng.reporters.JUnitReportReporter -->
<testsuite hostname="DESKTOP-4F0AOFN" failures="0" tests="2" name="seleniumframework.Tests.Errorlogin" time="51.997" errors="0" timestamp="2025-02-09T16:32:11 IST" skipped="0">
  <testcase classname="seleniumframework.Tests.Errorlogin" name="errorLogin2" time="30.239"/>
  <testcase classname="seleniumframework.Tests.Errorlogin" name="errorLogin2" time="21.758"/>
</testsuite> <!-- seleniumframework.Tests.Errorlogin -->
