<?xml version="1.0" encoding="UTF-8"?>
<!-- Generated by org.testng.reporters.JUnitReportReporter -->
<testsuite hostname="DESKTOP-4F0AOFN" failures="0" tests="1" name="CucumberFeature.TestNGTestRunner" time="23.042" errors="0" timestamp="2025-02-09T12:16:37 IST" skipped="0">
  <testcase classname="CucumberFeature.TestNGTestRunner" name="runScenario" time="23.042"/>
</testsuite> <!-- CucumberFeature.TestNGTestRunner -->
