<?xml version="1.0" encoding="UTF-8"?>
<!-- Generated by org.testng.reporters.JUnitReportReporter -->
<testsuite hostname="DESKTOP-4F0AOFN" failures="0" tests="3" name="CucumberFeature.TestNGTestRunner2" time="28.573" errors="0" timestamp="2025-02-09T12:15:08 IST" skipped="0">
  <testcase classname="CucumberFeature.TestNGTestRunner2" name="runScenario" time="11.542"/>
  <testcase classname="CucumberFeature.TestNGTestRunner2" name="runScenario" time="8.018"/>
  <testcase classname="CucumberFeature.TestNGTestRunner2" name="runScenario" time="9.013"/>
</testsuite> <!-- CucumberFeature.TestNGTestRunner2 -->
